TN:
SF:src/account.js
FN:2,Account
FN:10,Account.changeBalance
FN:14,Account.validate
FN:21,Account.getUserName
FN:25,Account.retrieveBalance
FN:32,Account.editBalance
FNF:6
FNH:5
FNDA:6,Account
FNDA:2,Account.changeBalance
FNDA:15,Account.validate
FNDA:0,Account.getUserName
FNDA:7,Account.retrieveBalance
FNDA:2,Account.editBalance
DA:1,1
DA:2,1
DA:3,6
DA:4,6
DA:5,6
DA:6,6
DA:7,6
DA:8,6
DA:9,6
DA:10,6
DA:11,2
DA:12,6
DA:13,6
DA:14,6
DA:15,15
DA:16,14
DA:17,14
DA:18,1
DA:19,6
DA:20,6
DA:21,6
DA:22,0
DA:23,6
DA:24,6
DA:25,6
DA:26,7
DA:27,7
DA:28,7
DA:29,0
DA:30,6
DA:31,6
DA:32,6
DA:33,2
DA:34,2
DA:35,2
DA:36,2
DA:37,0
DA:38,6
DA:39,6
DA:40,6
DA:41,1
DA:42,1
DA:43,1
DA:44,1
LF:44
LH:41
BRDA:1,0,0,1
BRDA:2,1,0,6
BRDA:10,2,0,2
BRDA:14,3,0,15
BRDA:15,4,0,14
BRDA:15,5,0,14
BRDA:17,6,0,1
BRDA:25,7,0,7
BRDA:28,8,0,0
BRDA:32,9,0,2
BRDA:36,10,0,0
BRF:11
BRH:9
end_of_record
TN:
SF:src/atm.js
FN:9,ATM
FN:20,clearScreen
FN:25,defaultScreenCallback
FN:36,userRegistrationCallback
FN:53,promptAnotherTransaction
FN:58,anotherTransactionCallback
FN:69,transactionMenu
FN:75,withdrawFundsCallback
FN:91,depositFundsCallback
FN:102,transferFundsCallback
FN:119,transactionMenuCallback
FN:156,ATM.newAccount
FN:163,ATM.on
FN:170,ATM.startSession
FN:202,ATM.checkBalance
FN:210,ATM.withdrawFunds
FN:224,ATM.depositFunds
FN:235,ATM.transferFunds
FN:256,ATM.endSession
FNF:19
FNH:10
FNDA:8,ATM
FNDA:7,clearScreen
FNDA:0,defaultScreenCallback
FNDA:0,userRegistrationCallback
FNDA:0,promptAnotherTransaction
FNDA:0,anotherTransactionCallback
FNDA:5,transactionMenu
FNDA:0,withdrawFundsCallback
FNDA:0,depositFundsCallback
FNDA:0,transferFundsCallback
FNDA:0,transactionMenuCallback
FNDA:6,ATM.newAccount
FNDA:2,ATM.on
FNDA:6,ATM.startSession
FNDA:8,ATM.checkBalance
FNDA:2,ATM.withdrawFunds
FNDA:1,ATM.depositFunds
FNDA:0,ATM.transferFunds
FNDA:1,ATM.endSession
DA:1,1
DA:2,1
DA:3,1
DA:4,1
DA:5,1
DA:6,1
DA:7,1
DA:8,1
DA:9,1
DA:10,8
DA:11,8
DA:12,8
DA:13,8
DA:14,8
DA:15,8
DA:16,8
DA:17,8
DA:18,8
DA:19,8
DA:20,8
DA:21,7
DA:22,8
DA:23,8
DA:24,8
DA:25,8
DA:26,0
DA:27,0
DA:28,0
DA:29,0
DA:30,0
DA:31,0
DA:32,0
DA:33,0
DA:34,8
DA:35,8
DA:36,8
DA:37,0
DA:38,0
DA:39,0
DA:40,0
DA:41,0
DA:42,0
DA:43,0
DA:44,0
DA:45,0
DA:46,0
DA:47,0
DA:48,0
DA:49,0
DA:50,0
DA:51,8
DA:52,8
DA:53,8
DA:54,0
DA:55,0
DA:56,8
DA:57,8
DA:58,8
DA:59,0
DA:60,0
DA:61,0
DA:62,0
DA:63,0
DA:64,0
DA:65,0
DA:66,0
DA:67,8
DA:68,8
DA:69,8
DA:70,5
DA:71,5
DA:72,5
DA:73,8
DA:74,8
DA:75,8
DA:76,0
DA:77,0
DA:78,0
DA:79,0
DA:80,0
DA:81,0
DA:82,0
DA:83,0
DA:84,0
DA:85,0
DA:86,0
DA:87,0
DA:88,0
DA:89,8
DA:90,8
DA:91,8
DA:92,0
DA:93,0
DA:94,0
DA:95,0
DA:96,0
DA:97,0
DA:98,0
DA:99,0
DA:100,8
DA:101,8
DA:102,8
DA:103,0
DA:104,0
DA:105,0
DA:106,0
DA:107,0
DA:108,0
DA:109,0
DA:110,0
DA:111,0
DA:112,0
DA:113,0
DA:114,0
DA:115,0
DA:116,8
DA:117,8
DA:118,8
DA:119,8
DA:120,0
DA:121,0
DA:122,0
DA:123,0
DA:124,0
DA:125,0
DA:126,0
DA:127,0
DA:128,0
DA:129,0
DA:130,0
DA:131,0
DA:132,0
DA:133,0
DA:134,0
DA:135,0
DA:136,0
DA:137,0
DA:138,0
DA:139,0
DA:140,0
DA:141,0
DA:142,0
DA:143,0
DA:144,0
DA:145,0
DA:146,0
DA:147,0
DA:148,0
DA:149,0
DA:150,0
DA:151,0
DA:152,0
DA:153,8
DA:154,8
DA:155,8
DA:156,8
DA:157,6
DA:158,6
DA:159,6
DA:160,6
DA:161,8
DA:162,8
DA:163,8
DA:164,2
DA:165,2
DA:166,2
DA:167,2
DA:168,2
DA:169,8
DA:170,8
DA:171,6
DA:172,0
DA:173,0
DA:174,6
DA:175,6
DA:176,6
DA:177,6
DA:178,6
DA:179,6
DA:180,5
DA:181,5
DA:182,5
DA:183,5
DA:184,5
DA:185,5
DA:186,0
DA:187,0
DA:188,0
DA:189,5
DA:190,5
DA:191,1
DA:192,1
DA:193,1
DA:194,1
DA:195,1
DA:196,0
DA:197,0
DA:198,0
DA:199,0
DA:200,8
DA:201,8
DA:202,8
DA:203,8
DA:204,7
DA:205,7
DA:206,7
DA:207,1
DA:208,8
DA:209,8
DA:210,8
DA:211,2
DA:212,2
DA:213,2
DA:214,2
DA:215,1
DA:216,1
DA:217,1
DA:218,1
DA:219,1
DA:220,1
DA:221,0
DA:222,8
DA:223,8
DA:224,8
DA:225,1
DA:226,1
DA:227,1
DA:228,1
DA:229,1
DA:230,1
DA:231,1
DA:232,0
DA:233,8
DA:234,8
DA:235,8
DA:236,0
DA:237,0
DA:238,0
DA:239,0
DA:240,0
DA:241,0
DA:242,0
DA:243,0
DA:244,0
DA:245,0
DA:246,0
DA:247,0
DA:248,0
DA:249,0
DA:250,0
DA:251,0
DA:252,0
DA:253,0
DA:254,8
DA:255,8
DA:256,8
DA:257,1
DA:258,1
DA:259,1
DA:260,1
DA:261,1
DA:262,8
DA:263,8
DA:264,1
DA:265,1
DA:266,1
DA:267,1
LF:267
LH:139
BRDA:8,0,0,1
BRDA:9,1,0,8
BRDA:20,2,0,7
BRDA:69,3,0,5
BRDA:156,4,0,6
BRDA:163,5,0,2
BRDA:170,6,0,6
BRDA:171,7,0,0
BRDA:179,8,0,5
BRDA:186,9,0,0
BRDA:190,10,0,1
BRDA:195,11,0,0
BRDA:202,12,0,8
BRDA:203,13,0,7
BRDA:206,14,0,1
BRDA:210,15,0,2
BRDA:214,16,0,1
BRDA:220,17,0,0
BRDA:224,18,0,1
BRDA:231,19,0,0
BRDA:256,20,0,1
BRF:21
BRH:16
end_of_record
TN:
SF:src/prompt_schemas.js
FNF:0
FNH:0
DA:1,1
DA:2,1
DA:3,1
DA:4,1
DA:5,1
DA:6,1
DA:7,1
DA:8,1
DA:9,1
DA:10,1
DA:11,1
DA:12,1
DA:13,1
DA:14,1
DA:15,1
DA:16,1
DA:17,1
DA:18,1
DA:19,1
DA:20,1
DA:21,1
DA:22,1
DA:23,1
DA:24,1
DA:25,1
DA:26,1
DA:27,1
DA:28,1
DA:29,1
DA:30,1
DA:31,1
DA:32,1
DA:33,1
DA:34,1
DA:35,1
DA:36,1
DA:37,1
DA:38,1
DA:39,1
DA:40,1
DA:41,1
DA:42,1
DA:43,1
DA:44,1
DA:45,1
DA:46,1
DA:47,1
DA:48,1
DA:49,1
DA:50,1
DA:51,1
DA:52,1
DA:53,1
DA:54,1
DA:55,1
DA:56,1
DA:57,1
DA:58,1
DA:59,1
DA:60,1
DA:61,1
DA:62,1
DA:63,1
DA:64,1
DA:65,1
DA:66,1
DA:67,1
DA:68,1
DA:69,1
DA:70,1
DA:71,1
DA:72,1
DA:73,1
DA:74,1
DA:75,1
DA:76,1
DA:77,1
DA:78,1
DA:79,1
DA:80,1
DA:81,1
DA:82,1
DA:83,1
DA:84,1
DA:85,1
DA:86,1
DA:87,1
DA:88,1
DA:89,1
DA:90,1
DA:91,1
DA:92,1
DA:93,1
DA:94,1
DA:95,1
DA:96,1
DA:97,1
DA:98,1
DA:99,1
DA:100,1
DA:101,1
DA:102,1
DA:103,1
DA:104,1
DA:105,1
DA:106,1
DA:107,1
DA:108,1
DA:109,1
DA:110,1
DA:111,1
DA:112,1
DA:113,1
DA:114,1
DA:115,1
DA:116,1
DA:117,1
DA:118,1
DA:119,1
DA:120,1
DA:121,1
DA:122,1
DA:123,1
DA:124,1
DA:125,1
DA:126,1
DA:127,1
DA:128,1
DA:129,1
DA:130,1
DA:131,1
DA:132,1
DA:133,1
DA:134,1
DA:135,1
DA:136,1
DA:137,1
DA:138,1
DA:139,1
DA:140,1
DA:141,1
DA:142,1
DA:143,1
DA:144,1
DA:145,1
DA:146,1
DA:147,1
DA:148,1
DA:149,1
DA:150,1
DA:151,1
DA:152,1
LF:152
LH:152
BRF:0
BRH:0
end_of_record
